[03-06-2025 20:17:21] - [[31merror[39m]: Erreur lors de la création de l'utilisateur: Cannot destructure property 'userName' of 'request.body' as it is undefined.
[03-06-2025 20:17:34] - [[31merror[39m]: Erreur lors de la création de l'utilisateur: Cannot destructure property 'userName' of 'request.body' as it is undefined.
[03-06-2025 20:17:58] - [[31merror[39m]: Erreur lors de la création de l'utilisateur: Cannot destructure property 'userName' of 'request.body' as it is undefined.
[03-06-2025 20:18:07] - [[31merror[39m]: Erreur lors de la création de l'utilisateur: Cannot destructure property 'userName' of 'request.body' as it is undefined.
[03-06-2025 20:18:25] - [[31merror[39m]: Erreur lors de la création de l'utilisateur: Cannot destructure property 'userName' of 'request.body' as it is undefined.
[03-06-2025 20:21:00] - [[31merror[39m]: Erreur lors de la création de l'utilisateur: Cannot destructure property 'userName' of 'request.body' as it is undefined.
[03-06-2025 20:21:16] - [[31merror[39m]: Erreur lors de la création de l'utilisateur: Cannot destructure property 'userName' of 'request.body' as it is undefined.
[03-06-2025 20:21:50] - [[31merror[39m]: Erreur lors de la création de l'utilisateur: Cannot destructure property 'userName' of 'request.body' as it is undefined.
[03-06-2025 20:24:11] - [[31merror[39m]: Erreur lors de la création de l'utilisateur: Cannot destructure property 'userName' of 'request.body' as it is undefined.
[03-06-2025 20:25:45] - [[31merror[39m]: Erreur lors de la création de l'utilisateur: Cannot destructure property 'userName' of 'request.body' as it is undefined.
[03-06-2025 20:27:37] - [[31merror[39m]: Erreur lors de la création de l'utilisateur: Cannot destructure property 'userName' of 'request.body' as it is undefined.
[03-06-2025 20:30:30] - [[31merror[39m]: Erreur lors de la création de l'utilisateur: Cannot read properties of undefined (reading 'email')
[03-06-2025 20:30:35] - [[31merror[39m]: Erreur lors de la création de l'utilisateur: Cannot read properties of undefined (reading 'email')
[03-06-2025 20:30:36] - [[31merror[39m]: Erreur lors de la création de l'utilisateur: Cannot read properties of undefined (reading 'email')
[03-06-2025 20:36:45] - [[31merror[39m]: Erreur lors de la création de l'utilisateur: Failed query: insert into "users" ("id", "username", "password", "email", "role", "created_at", "updated_at") values (default, $1, $2, $3, default, default, default) returning "id"
params: theochrn,$argon2id$v=19$m=65536,t=3,p=4$2O7fLpv7lgBzUXnohujeaQ$fPJs9L0X27OfQgJYq4aMkCw+aYipLAFtgJNjuyHa1Ko,theo.chrn@gmail.com
[03-06-2025 20:37:16] - [[31merror[39m]: Erreur lors de la création de l'utilisateur: Failed query: insert into "users" ("id", "username", "password", "email", "role", "created_at", "updated_at") values (default, $1, $2, $3, default, default, default) returning "id"
params: theochrn,$argon2id$v=19$m=65536,t=3,p=4$a2onr6dmMoUa4+fWcaziNA$tPEIH6Om6BfnH+FUWrcJ5jTRb+jGNO05dTSWRqV3CeQ,theo.chrn@gmail.com
[03-06-2025 20:37:31] - [[31merror[39m]: Erreur lors de la création de l'utilisateur: Failed query: insert into "users" ("id", "username", "password", "email", "role", "created_at", "updated_at") values (default, $1, $2, $3, default, default, default) returning "id"
params: theochrn,$argon2id$v=19$m=65536,t=3,p=4$z7izQwM3zMhnE7VHvELcdA$ozT00sp32ycVa9Fz4CZBmwgrMfn188+y85Ue/kiDc5o,theo.chrn@gmail.com
